#
# There is insufficient memory for the Java Runtime Environment to continue.
# Native memory allocation (malloc) failed to allocate 300336 bytes for Chunk::new
# Possible reasons:
#   The system is out of physical RAM or swap space
#   In 32 bit mode, the process size limit was hit
# Possible solutions:
#   Reduce memory load on the system
#   Increase physical memory or swap space
#   Check if swap backing store is full
#   Use 64 bit Java on a 64 bit OS
#   Decrease Java heap size (-Xmx/-Xms)
#   Decrease number of Java threads
#   Decrease Java thread stack sizes (-Xss)
#   Set larger code cache with -XX:ReservedCodeCacheSize=
# This output file may be truncated or incomplete.
#
#  Out of Memory Error (allocation.cpp:390), pid=4448, tid=0x0000000000000118
#
# JRE version: OpenJDK Runtime Environment (8.0) (build 1.8.0-adoptopenjdk-_2018_05_19_00_59-b00)
# Java VM: OpenJDK 64-Bit Server VM (25.71-b00 mixed mode windows-amd64 compressed oops)
# Failed to write core dump. Minidumps are not enabled by default on client versions of Windows
#

---------------  T H R E A D  ---------------

Current thread (0x000000005432b800):  JavaThread "C2 CompilerThread0" daemon [_thread_in_native, id=280, stack(0x0000000055690000,0x0000000055790000)]

Stack: [0x0000000055690000,0x0000000055790000]
[error occurred during error reporting (printing stack bounds), id 0xc0000005]

Native frames: (J=compiled Java code, j=interpreted, Vv=VM code, C=native code)


Current CompileTask:
C2:   4771  955 % !   4       sun.net.www.ParseUtil::decode @ 69 (316 bytes)


---------------  P R O C E S S  ---------------

Java Threads: ( => current thread )
  0x0000000056480800 JavaThread "pool-1-thread-1" [_thread_blocked, id=4600, stack(0x00000000568a0000,0x00000000569a0000)]
  0x00000000559f0800 JavaThread "Service Thread" daemon [_thread_blocked, id=2620, stack(0x0000000054fd0000,0x00000000550d0000)]
  0x0000000054349000 JavaThread "C1 CompilerThread1" daemon [_thread_blocked, id=3152, stack(0x00000000558c0000,0x00000000559c0000)]
=>0x000000005432b800 JavaThread "C2 CompilerThread0" daemon [_thread_in_native, id=280, stack(0x0000000055690000,0x0000000055790000)]
  0x0000000054331800 JavaThread "Attach Listener" daemon [_thread_blocked, id=2660, stack(0x0000000055370000,0x0000000055470000)]
  0x0000000054330000 JavaThread "Signal Dispatcher" daemon [_thread_blocked, id=4588, stack(0x00000000554b0000,0x00000000555b0000)]
  0x000000005430d000 JavaThread "Finalizer" daemon [_thread_blocked, id=312, stack(0x0000000055250000,0x0000000055350000)]
  0x00000000542c4000 JavaThread "Reference Handler" daemon [_thread_blocked, id=4680, stack(0x00000000550d0000,0x00000000551d0000)]
  0x000000000220e800 JavaThread "main" [_thread_in_native, id=1208, stack(0x00000000024c0000,0x00000000025c0000)]

Other Threads:
  0x00000000542bc000 VMThread [stack: 0x0000000054eb0000,0x0000000054fb0000] [id=3244]
  0x0000000055a11800 WatcherThread [stack: 0x0000000055f70000,0x0000000056070000] [id=620]

VM state:not at safepoint (normal execution)

VM Mutex/Monitor currently owned by a thread: None

Heap:
 PSYoungGen      total 26624K, used 6290K [0x00000000f0000000, 0x00000000f1c00000, 0x0000000100000000)
  eden space 24576K, 17% used [0x00000000f0000000,0x00000000f0424a70,0x00000000f1800000)
  from space 2048K, 100% used [0x00000000f1a00000,0x00000000f1c00000,0x00000000f1c00000)
  to   space 2048K, 0% used [0x00000000f1800000,0x00000000f1800000,0x00000000f1a00000)
 ParOldGen       total 32768K, used 2082K [0x00000000d0000000, 0x00000000d2000000, 0x00000000f0000000)
  object space 32768K, 6% used [0x00000000d0000000,0x00000000d0208a38,0x00000000d2000000)
 Metaspace       used 8449K, capacity 8688K, committed 8960K, reserved 1056768K
  class space    used 1088K, capacity 1191K, committed 1280K, reserved 1048576K

Card table byte_map: [0x0000000011c50000,0x0000000011de0000] byte_map_base: 0x00000000115d0000

Marking Bits: (ParMarkBitMap*) 0x0000000073edbe50
 Begin Bits: [0x0000000012010000, 0x0000000012c10000)
 End Bits:   [0x0000000012c10000, 0x0000000013810000)

Polling page: 0x0000000001b60000

CodeCache: size=245760Kb used=3674Kb max_used=3677Kb free=242085Kb
 bounds [0x0000000002890000, 0x0000000002c30000, 0x0000000011890000]
 total_blobs=1260 nmethods=955 adapters=220
 compilation: enabled

Compilation events (10 events):
Event: 4.501 Thread 0x0000000054349000 nmethod 951 0x0000000002c25390 code [0x0000000002c255a0, 0x0000000002c25e88]
Event: 4.535 Thread 0x0000000054349000  952       1       java.util.concurrent.atomic.AtomicInteger::get (5 bytes)
Event: 4.536 Thread 0x0000000054349000 nmethod 952 0x0000000002c250d0 code [0x0000000002c25220, 0x0000000002c25330]
Event: 4.536 Thread 0x0000000054349000  953       1       java.util.concurrent.locks.AbstractQueuedSynchronizer::getState (5 bytes)
Event: 4.536 Thread 0x0000000054349000 nmethod 953 0x0000000002c24e10 code [0x0000000002c24f60, 0x0000000002c25070]
Event: 4.549 Thread 0x0000000054349000  954       3       java.io.File::exists (43 bytes)
Event: 4.550 Thread 0x0000000054349000 nmethod 954 0x0000000002c246d0 code [0x0000000002c24860, 0x0000000002c24cc8]
Event: 4.551 Thread 0x000000005432b800  955 % !   4       sun.net.www.ParseUtil::decode @ 69 (316 bytes)
Event: 4.602 Thread 0x0000000054349000  956       3       java.util.jar.JarFile::<init> (12 bytes)
Event: 4.602 Thread 0x0000000054349000 nmethod 956 0x0000000002c24290 code [0x0000000002c24400, 0x0000000002c24608]

GC Heap History (8 events):
Event: 1.833 GC heap before
{Heap before GC invocations=1 (full 0):
 PSYoungGen      total 14336K, used 12288K [0x00000000f0000000, 0x00000000f1000000, 0x0000000100000000)
  eden space 12288K, 100% used [0x00000000f0000000,0x00000000f0c00000,0x00000000f0c00000)
  from space 2048K, 0% used [0x00000000f0e00000,0x00000000f0e00000,0x00000000f1000000)
  to   space 2048K, 0% used [0x00000000f0c00000,0x00000000f0c00000,0x00000000f0e00000)
 ParOldGen       total 32768K, used 0K [0x00000000d0000000, 0x00000000d2000000, 0x00000000f0000000)
  object space 32768K, 0% used [0x00000000d0000000,0x00000000d0000000,0x00000000d2000000)
 Metaspace       used 4600K, capacity 5272K, committed 5504K, reserved 1056768K
  class space    used 546K, capacity 568K, committed 640K, reserved 1048576K
Event: 1.840 GC heap after
Heap after GC invocations=1 (full 0):
 PSYoungGen      total 14336K, used 1872K [0x00000000f0000000, 0x00000000f1000000, 0x0000000100000000)
  eden space 12288K, 0% used [0x00000000f0000000,0x00000000f0000000,0x00000000f0c00000)
  from space 2048K, 91% used [0x00000000f0c00000,0x00000000f0dd4030,0x00000000f0e00000)
  to   space 2048K, 0% used [0x00000000f0e00000,0x00000000f0e00000,0x00000000f1000000)
 ParOldGen       total 32768K, used 8K [0x00000000d0000000, 0x00000000d2000000, 0x00000000f0000000)
  object space 32768K, 0% used [0x00000000d0000000,0x00000000d0002000,0x00000000d2000000)
 Metaspace       used 4600K, capacity 5272K, committed 5504K, reserved 1056768K
  class space    used 546K, capacity 568K, committed 640K, reserved 1048576K
}
Event: 2.893 GC heap before
{Heap before GC invocations=2 (full 0):
 PSYoungGen      total 14336K, used 14160K [0x00000000f0000000, 0x00000000f1000000, 0x0000000100000000)
  eden space 12288K, 100% used [0x00000000f0000000,0x00000000f0c00000,0x00000000f0c00000)
  from space 2048K, 91% used [0x00000000f0c00000,0x00000000f0dd4030,0x00000000f0e00000)
  to   space 2048K, 0% used [0x00000000f0e00000,0x00000000f0e00000,0x00000000f1000000)
 ParOldGen       total 32768K, used 8K [0x00000000d0000000, 0x00000000d2000000, 0x00000000f0000000)
  object space 32768K, 0% used [0x00000000d0000000,0x00000000d0002000,0x00000000d2000000)
 Metaspace       used 7735K, capacity 7856K, committed 8064K, reserved 1056768K
  class space    used 1006K, capacity 1063K, committed 1152K, reserved 1048576K
Event: 2.903 GC heap after
Heap after GC invocations=2 (full 0):
 PSYoungGen      total 14336K, used 2016K [0x00000000f0000000, 0x00000000f1000000, 0x0000000100000000)
  eden space 12288K, 0% used [0x00000000f0000000,0x00000000f0000000,0x00000000f0c00000)
  from space 2048K, 98% used [0x00000000f0e00000,0x00000000f0ff8020,0x00000000f1000000)
  to   space 2048K, 0% used [0x00000000f0c00000,0x00000000f0c00000,0x00000000f0e00000)
 ParOldGen       total 32768K, used 890K [0x00000000d0000000, 0x00000000d2000000, 0x00000000f0000000)
  object space 32768K, 2% used [0x00000000d0000000,0x00000000d00de9f8,0x00000000d2000000)
 Metaspace       used 7735K, capacity 7856K, committed 8064K, reserved 1056768K
  class space    used 1006K, capacity 1063K, committed 1152K, reserved 1048576K
}
Event: 3.416 GC heap before
{Heap before GC invocations=3 (full 0):
 PSYoungGen      total 14336K, used 14304K [0x00000000f0000000, 0x00000000f1000000, 0x0000000100000000)
  eden space 12288K, 100% used [0x00000000f0000000,0x00000000f0c00000,0x00000000f0c00000)
  from space 2048K, 98% used [0x00000000f0e00000,0x00000000f0ff8020,0x00000000f1000000)
  to   space 2048K, 0% used [0x00000000f0c00000,0x00000000f0c00000,0x00000000f0e00000)
 ParOldGen       total 32768K, used 890K [0x00000000d0000000, 0x00000000d2000000, 0x00000000f0000000)
  object space 32768K, 2% used [0x00000000d0000000,0x00000000d00de9f8,0x00000000d2000000)
 Metaspace       used 8333K, capacity 8496K, committed 8704K, reserved 1056768K
  class space    used 1086K, capacity 1191K, committed 1280K, reserved 1048576K
Event: 3.428 GC heap after
Heap after GC invocations=3 (full 0):
 PSYoungGen      total 14336K, used 2032K [0x00000000f0000000, 0x00000000f1c00000, 0x0000000100000000)
  eden space 12288K, 0% used [0x00000000f0000000,0x00000000f0000000,0x00000000f0c00000)
  from space 2048K, 99% used [0x00000000f0c00000,0x00000000f0dfc010,0x00000000f0e00000)
  to   space 2048K, 0% used [0x00000000f1a00000,0x00000000f1a00000,0x00000000f1c00000)
 ParOldGen       total 32768K, used 1906K [0x00000000d0000000, 0x00000000d2000000, 0x00000000f0000000)
  object space 32768K, 5% used [0x00000000d0000000,0x00000000d01dca38,0x00000000d2000000)
 Metaspace       used 8333K, capacity 8496K, committed 8704K, reserved 1056768K
  class space    used 1086K, capacity 1191K, committed 1280K, reserved 1048576K
}
Event: 3.784 GC heap before
{Heap before GC invocations=4 (full 0):
 PSYoungGen      total 14336K, used 14320K [0x00000000f0000000, 0x00000000f1c00000, 0x0000000100000000)
  eden space 12288K, 100% used [0x00000000f0000000,0x00000000f0c00000,0x00000000f0c00000)
  from space 2048K, 99% used [0x00000000f0c00000,0x00000000f0dfc010,0x00000000f0e00000)
  to   space 2048K, 0% used [0x00000000f1a00000,0x00000000f1a00000,0x00000000f1c00000)
 ParOldGen       total 32768K, used 1906K [0x00000000d0000000, 0x00000000d2000000, 0x00000000f0000000)
  object space 32768K, 5% used [0x00000000d0000000,0x00000000d01dca38,0x00000000d2000000)
 Metaspace       used 8383K, capacity 8560K, committed 8704K, reserved 1056768K
  class space    used 1087K, capacity 1191K, committed 1280K, reserved 1048576K
Event: 3.837 GC heap after
Heap after GC invocations=4 (full 0):
 PSYoungGen      total 26624K, used 2048K [0x00000000f0000000, 0x00000000f1c00000, 0x0000000100000000)
  eden space 24576K, 0% used [0x00000000f0000000,0x00000000f0000000,0x00000000f1800000)
  from space 2048K, 100% used [0x00000000f1a00000,0x00000000f1c00000,0x00000000f1c00000)
  to   space 2048K, 0% used [0x00000000f1800000,0x00000000f1800000,0x00000000f1a00000)
 ParOldGen       total 32768K, used 2082K [0x00000000d0000000, 0x00000000d2000000, 0x00000000f0000000)
  object space 32768K, 6% used [0x00000000d0000000,0x00000000d0208a38,0x00000000d2000000)
 Metaspace       used 8383K, capacity 8560K, committed 8704K, reserved 1056768K
  class space    used 1087K, capacity 1191K, committed 1280K, reserved 1048576K
}

Deoptimization events (4 events):
Event: 0.864 Thread 0x000000000220e800 Uncommon trap: reason=unstable_if action=reinterpret pc=0x00000000029e27a4 method=java.lang.String.toLowerCase(Ljava/util/Locale;)Ljava/lang/String; @ 85
Event: 2.131 Thread 0x000000000220e800 Uncommon trap: reason=unstable_if action=reinterpret pc=0x0000000002a8f14c method=sun.misc.MetaIndex.mayContain(Ljava/lang/String;)Z @ 38
Event: 2.836 Thread 0x000000000220e800 Uncommon trap: reason=unstable_if action=reinterpret pc=0x0000000002af99d8 method=java.util.HashMap.hash(Ljava/lang/Object;)I @ 1
Event: 4.272 Thread 0x000000000220e800 Uncommon trap: reason=bimorphic action=maybe_recompile pc=0x0000000002bd6044 method=java.util.HashMap.putVal(ILjava/lang/Object;Ljava/lang/Object;ZZ)Ljava/lang/Object; @ 91

Classes redefined (0 events):
No events

Internal exceptions (10 events):
Event: 2.963 Thread 0x000000000220e800 Exception <a 'java/lang/ArrayIndexOutOfBoundsException'> (0x00000000f0115a88) thrown at [C:\Users\jenkins\workspace\openjdk8_build_x86-64_windows\openjdk\hotspot\src\share\vm\runtime\sharedRuntime.cpp, line 605]
Event: 2.964 Thread 0x000000000220e800 Exception <a 'java/lang/ArrayIndexOutOfBoundsException'> (0x00000000f0118ab8) thrown at [C:\Users\jenkins\workspace\openjdk8_build_x86-64_windows\openjdk\hotspot\src\share\vm\runtime\sharedRuntime.cpp, line 605]
Event: 2.964 Thread 0x000000000220e800 Exception <a 'java/lang/ArrayIndexOutOfBoundsException'> (0x00000000f0122758) thrown at [C:\Users\jenkins\workspace\openjdk8_build_x86-64_windows\openjdk\hotspot\src\share\vm\runtime\sharedRuntime.cpp, line 605]
Event: 2.965 Thread 0x000000000220e800 Exception <a 'java/lang/ArrayIndexOutOfBoundsException'> (0x00000000f0124898) thrown at [C:\Users\jenkins\workspace\openjdk8_build_x86-64_windows\openjdk\hotspot\src\share\vm\runtime\sharedRuntime.cpp, line 605]
Event: 2.966 Thread 0x000000000220e800 Exception <a 'java/lang/ArrayIndexOutOfBoundsException'> (0x00000000f0131cf8) thrown at [C:\Users\jenkins\workspace\openjdk8_build_x86-64_windows\openjdk\hotspot\src\share\vm\runtime\sharedRuntime.cpp, line 605]
Event: 2.966 Thread 0x000000000220e800 Exception <a 'java/lang/ArrayIndexOutOfBoundsException'> (0x00000000f013d9b8) thrown at [C:\Users\jenkins\workspace\openjdk8_build_x86-64_windows\openjdk\hotspot\src\share\vm\runtime\sharedRuntime.cpp, line 605]
Event: 2.967 Thread 0x000000000220e800 Exception <a 'java/lang/ArrayIndexOutOfBoundsException'> (0x00000000f013f588) thrown at [C:\Users\jenkins\workspace\openjdk8_build_x86-64_windows\openjdk\hotspot\src\share\vm\runtime\sharedRuntime.cpp, line 605]
Event: 2.967 Thread 0x000000000220e800 Exception <a 'java/lang/ArrayIndexOutOfBoundsException'> (0x00000000f0141830) thrown at [C:\Users\jenkins\workspace\openjdk8_build_x86-64_windows\openjdk\hotspot\src\share\vm\runtime\sharedRuntime.cpp, line 605]
Event: 2.980 Thread 0x000000000220e800 Exception <a 'java/lang/ArrayIndexOutOfBoundsException'> (0x00000000f014b5a0) thrown at [C:\Users\jenkins\workspace\openjdk8_build_x86-64_windows\openjdk\hotspot\src\share\vm\runtime\sharedRuntime.cpp, line 605]
Event: 2.980 Thread 0x000000000220e800 Exception <a 'java/lang/ArrayIndexOutOfBoundsException'> (0x00000000f014d3c8) thrown at [C:\Users\jenkins\workspace\openjdk8_build_x86-64_windows\openjdk\hotspot\src\share\vm\runtime\sharedRuntime.cpp, line 605]

Events (10 events):
Event: 3.886 Thread 0x000000000220e800 DEOPT UNPACKING pc=0x00000000028d71d0 sp=0x00000000025bd2c0 mode 0
Event: 3.888 Thread 0x000000000220e800 DEOPT PACKING pc=0x00000000029f5b19 sp=0x00000000025bd460
Event: 3.888 Thread 0x000000000220e800 DEOPT UNPACKING pc=0x00000000028d71d0 sp=0x00000000025bd1b0 mode 0
Event: 4.272 Thread 0x000000000220e800 Uncommon trap: trap_request=0xffffffc6 fr.pc=0x0000000002bd6044
Event: 4.272 Thread 0x000000000220e800 DEOPT PACKING pc=0x0000000002bd6044 sp=0x00000000025bd860
Event: 4.272 Thread 0x000000000220e800 DEOPT UNPACKING pc=0x00000000028d557b sp=0x00000000025bd750 mode 2
Event: 4.322 Executing VM operation: EnableBiasedLocking
Event: 4.322 Executing VM operation: EnableBiasedLocking done
Event: 4.604 Thread 0x000000000220e800 DEOPT PACKING pc=0x0000000002a1208c sp=0x00000000025bb8f0
Event: 4.604 Thread 0x000000000220e800 DEOPT UNPACKING pc=0x00000000028d71d0 sp=0x00000000025bb768 mode 0


Dynamic libraries:
0x000000013f520000 - 0x000000013f555000 	D:\Program Files\Unity\2019.2.21f1\Editor\Data\PlaybackEngines\AndroidPlayer\Tools\OpenJDK\Windows\bin\java.exe
0x0000000077be0000 - 0x0000000077d7f000 	C:\Windows\SYSTEM32\ntdll.dll
0x0000000077ac0000 - 0x0000000077bdf000 	C:\Windows\system32\kernel32.dll
0x000007fefd790000 - 0x000007fefd7f7000 	C:\Windows\system32\KERNELBASE.dll
0x000007feffd30000 - 0x000007feffe0b000 	C:\Windows\system32\ADVAPI32.dll
0x000007feffe30000 - 0x000007feffecf000 	C:\Windows\system32\msvcrt.dll
0x000007feffe10000 - 0x000007feffe2f000 	C:\Windows\SYSTEM32\sechost.dll
0x000007fefdc30000 - 0x000007fefdd5c000 	C:\Windows\system32\RPCRT4.dll
0x00000000779c0000 - 0x0000000077abb000 	C:\Windows\system32\USER32.dll
0x000007fefdd60000 - 0x000007fefddc7000 	C:\Windows\system32\GDI32.dll
0x000007feff720000 - 0x000007feff72e000 	C:\Windows\system32\LPK.dll
0x000007feffbe0000 - 0x000007feffcab000 	C:\Windows\system32\USP10.dll
0x000007fefbdb0000 - 0x000007fefbfa5000 	C:\Windows\WinSxS\amd64_microsoft.windows.common-controls_6595b64144ccf1df_6.0.7601.24483_none_e372d88f30fbb845\COMCTL32.dll
0x000007feff320000 - 0x000007feff391000 	C:\Windows\system32\SHLWAPI.dll
0x000007feffd00000 - 0x000007feffd2e000 	C:\Windows\system32\IMM32.DLL
0x000007fefddd0000 - 0x000007fefdedb000 	C:\Windows\system32\MSCTF.dll
0x00000000743c0000 - 0x0000000074492000 	D:\Program Files\Unity\2019.2.21f1\Editor\Data\PlaybackEngines\AndroidPlayer\Tools\OpenJDK\Windows\jre\bin\msvcr100.dll
0x0000000073710000 - 0x0000000073f59000 	D:\Program Files\Unity\2019.2.21f1\Editor\Data\PlaybackEngines\AndroidPlayer\Tools\OpenJDK\Windows\jre\bin\server\jvm.dll
0x000007fef3ad0000 - 0x000007fef3ad9000 	C:\Windows\system32\WSOCK32.dll
0x000007feffcb0000 - 0x000007feffcfd000 	C:\Windows\system32\WS2_32.dll
0x000007feff710000 - 0x000007feff718000 	C:\Windows\system32\NSI.dll
0x000007fefb2b0000 - 0x000007fefb2eb000 	C:\Windows\system32\WINMM.dll
0x000007fefc800000 - 0x000007fefc80c000 	C:\Windows\system32\VERSION.dll
0x0000000077d80000 - 0x0000000077d87000 	C:\Windows\system32\PSAPI.DLL
0x000007feee830000 - 0x000007feee83f000 	D:\Program Files\Unity\2019.2.21f1\Editor\Data\PlaybackEngines\AndroidPlayer\Tools\OpenJDK\Windows\jre\bin\verify.dll
0x000007fee6090000 - 0x000007fee60b9000 	D:\Program Files\Unity\2019.2.21f1\Editor\Data\PlaybackEngines\AndroidPlayer\Tools\OpenJDK\Windows\jre\bin\java.dll
0x000007fee60d0000 - 0x000007fee60e6000 	D:\Program Files\Unity\2019.2.21f1\Editor\Data\PlaybackEngines\AndroidPlayer\Tools\OpenJDK\Windows\jre\bin\zip.dll
0x000007fefe310000 - 0x000007feff09b000 	C:\Windows\system32\SHELL32.dll
0x000007feff0a0000 - 0x000007feff29f000 	C:\Windows\system32\ole32.dll
0x000007fefd730000 - 0x000007fefd73f000 	C:\Windows\system32\profapi.dll
0x000007fee6070000 - 0x000007fee608a000 	D:\Program Files\Unity\2019.2.21f1\Editor\Data\PlaybackEngines\AndroidPlayer\Tools\OpenJDK\Windows\jre\bin\net.dll
0x000007fefce60000 - 0x000007fefceb5000 	C:\Windows\system32\mswsock.dll
0x000007fefce50000 - 0x000007fefce57000 	C:\Windows\System32\wship6.dll
0x000007fee6050000 - 0x000007fee6061000 	D:\Program Files\Unity\2019.2.21f1\Editor\Data\PlaybackEngines\AndroidPlayer\Tools\OpenJDK\Windows\jre\bin\nio.dll
0x000007fee6030000 - 0x000007fee604e000 	C:\Users\Maks\.gradle\native\25\windows-amd64\native-platform.dll
0x000007fee6020000 - 0x000007fee602d000 	D:\Program Files\Unity\2019.2.21f1\Editor\Data\PlaybackEngines\AndroidPlayer\Tools\OpenJDK\Windows\jre\bin\management.dll

VM Arguments:
java_command: org.gradle.launcher.GradleMain -Dorg.gradle.jvmargs=-Xmx4048m --stop
java_class_path (initial): D:\Program Files\Unity\2019.2.21f1\Editor\Data\PlaybackEngines\AndroidPlayer\Tools\gradle\lib\gradle-launcher-5.1.1.jar
Launcher Type: SUN_STANDARD

Environment Variables:
PATH=C:\Program Files (x86)\NVIDIA Corporation\PhysX\Common;C:\Program Files (x86)\Common Files\Oracle\Java\javapath;C:\Windows\system32;C:\Windows;C:\Windows\System32\Wbem;C:\Windows\System32\WindowsPowerShell\v1.0\;C:\Program Files\dotnet\;D:\AndroidSDK\platform-tools;D:\Node.js\;C:\Git\cmd;D:\Program Files\Microsoft VS Code\bin;D:\AndroidSDK\platform-tools;C:\Users\Maks\.dotnet\tools
USERNAME=Maks
OS=Windows_NT
PROCESSOR_IDENTIFIER=AMD64 Family 16 Model 2 Stepping 3, AuthenticAMD



---------------  S Y S T E M  ---------------

OS: Windows 7 , 64 bit Build 7601 (6.1.7601.24545)

CPU:total 2 (initial active 2) (2 cores per cpu, 1 threads per core) family 16 model 2 stepping 3, cmov, cx8, fxsr, mmx, sse, sse2, sse3, popcnt, mmxext, 3dnowpref, lzcnt, sse4a, tsc, tscinvbit, tscinv

Memory: 4k page, physical 3144184k(218672k free), swap 4715148k(5148k free)

vm_info: OpenJDK 64-Bit Server VM (25.71-b00) for windows-amd64 JRE (1.8.0-adoptopenjdk-_2018_05_19_00_59-b00), built on May 19 2018 01:02:12 by "jenkins" with MS VC++ 10.0 (VS2010)

time: Wed May 13 23:16:01 2020
elapsed time: 4 seconds (0d 0h 0m 4s)

